28209
Student
Faculty
Staff
ResearchProject
Course
Department
Person
330064412
330064635
330064805
330064964
330065129
330065285
330065443
395872954
395873154
395873311
395873465
395873619
395873774
395873927
397036580
397036768
397036922
397037073
397037224
397037375
397037525
402289612
402289805
402289959
402290111
402290261
402290412
402290562
403673327
403673513
403673666
403673820
403673972
403674122
403674270
409848161
409848353
409848506
409848663
409848817
409848969
409849120
413647642
413647834
413647986
413648138
413648294
413648446
413648596
415318785
415318977
415319131
415319283
415319438
415319590
415319740
417026835
417027026
417027181
417027332
417027482
417027633
417027783
419785205
419785393
419785546
419785698
419785848
419785999
419786149
421526783
421526971
421527126
421527276
421527426
421527590
421528042
650861975
650862188
650862324
650862458
650862592
650862726
650862859
4320403720
4320403946
4320404103
4320404263
4320404419
4320404572
4320404726
4370777515
4370777714
4370777850
4370777984
4370778116
4370778248
4370778383
4388249555
4388249816
4388249951
4388250084
4388250216
4388250347
4388250479
4461728372
4461728592
4461728753
4461728905
4461729056
4461729206
4461729356
4488927610
4488927825
4488927979
4488928132
4488928282
4488928431
4488928581
4686853129
4686855245
4686855404
4686855559
4686855712
4686855865
4686856017
4698315272
4698315576
4698315749
4698315918
4698316086
4698316253
4698316425
4710028685
4710028897
4710029051
4710029202
4710029352
4710029501
4710029652
4814442852
4814443074
4814443231
4814443384
4814443537
4814443696
4814443859
4865159622
4865159843
4865159997
4865160148
4865160299
4865160451
4865160601
4917078931
4917079150
4917079306
4917079456
4917079606
4917079758
4917079908
4969585090
4969585307
4969585461
4969585613
4969585763
4969585913
4969586063
5001486577
5001486803
5001486961
5001487115
5001487269
5001487423
5001487576
5152995715
5152998665
5152998825
5152998980
5152999133
5152999286
5152999493
5633842779
5633842984
5633843123
5633843259
5633843393
5633843528
5633843663
5681851190
5681851392
5681851528
5681851661
5681851793
5681851926
5681852058
5693384148
5693384344
5693384497
5693384644
5693384777
5693384909
5693385040
5732322663
5732322855
5732322992
5732323125
5732323259
5732323392
5732323524
5785828775
5785828978
5785829116
5785829250
5785829383
5785829516
5785829648
5806644250
5806644452
5806644590
5806644725
5806644859
5806644992
5806645125
7346824992
7346825203
7346825350
7346825487
7346825623
7346825758
7346825892
8979284576
8979284804
8979284962
8979285118
8979285270
8979285423
8979285576
9220570996
9220571226
9220571385
9220571545
9220571701
9220571854
9220572007
9265936779
9265936983
9265937119
9265937253
9265937384
9265937516
9265937648
9277025875
9277026075
9277026212
9277026345
9277026478
9277026611
9277026743
9318262242
9318262442
9318262578
9318262711
9318262845
9318262977
9318263109
9619779882
9619780093
9619780229
9619780365
9619780499
9619780634
9619780767
9808048939
9808049128
9808049266
9808049401
9808049536
9808049671
9808049806
9822979823
9822980016
9822980152
9822980285
9822980417
9822980549
9822980682
9838050024
9838050204
9838050339
9838050471
9838050602
9838050733
9838050864
9851084602
9851084785
9851084921
9851085054
9851085186
9851085317
9851085448
11873459068
11873459298
11873459454
11873459607
11873459760
11873459912
11873460066
13366491032
13366491291
13366491451
13366491605
13366491756
13366491910
13366492062
13385971246
13385971472
13385971626
13385971778
13385971928
13385972077
13385972226
13439331624
13439331845
13439331998
13439332149
13439332298
13439332447
13439332597
13797554008
13797554216
13797562334
13797562477
13797562612
13797562746
13797562881
13837061220
13837061417
13837061553
13837061686
13837061819
13837061951
13837062082
13871942993
13871943191
13871943328
13871943461
13871943593
13871943725
13871943858
13887624386
13887624578
13887624714
13887624846
13887624979
13887625113
13887625245
13900802613
13900802806
13900802947
13900803081
13900803214
13900803346
13900803477
13918904641
13918904840
13918905330
13918905692
13918906061
13918906404
13918906743
16194471538
16194471770
16194471928
16194472081
16194472234
16194472386
16194472538
19538552252
19538552496
19538552653
19538552808
19538552962
19538553116
19538553268
19584350468
19584350693
19584350847
19584350999
19584351148
19584351298
19584351447
19686134469
19686134722
19686134877
19686135028
19686135178
19686135328
19686135479
22233190777
22233191031
22233191189
22233191342
22233191495
22233191649
22233191800
22254930757
22254931023
22254931182
22254931333
22254931485
22254931635
22254931784
22345897939
22345898194
22345898351
22345898502
22345898652
22345898801
22345898950
22395200640
22395201081
22395201388
22395201687
22395201981
22395202275
22395202567
22420709005
22420709239
22420709393
22420709544
22420709694
22420709845
22420709994
22979270545
22979278095
22979283626
22979283765
22979283900
22979284037
22979284173
23423603940
23423611185
23423614958
23423615114
23423615267
23423615420
23423615577
23470735207
23470735450
23470735606
23470735757
23470735906
23470736055
23470736205
23521269929
23521270168
23521270332
23521270491
23521270648
23521270805
23521270963
23593000921
23593001146
23593001300
23593001451
23593001600
23593001750
23593001899
27567495346
27567495566
27567495705
27567495842
27567495977
27567496111
27567496246
27593174686
27593174905
27593175041
27593175173
27593175306
27593175438
27593175568
27632526104
27632526327
27632526464
27632526596
27632526728
27632526860
27632526992
27658209321
27658209537
27658209675
27658209808
27658209941
27658210074
27658210206
30442160124
30442160360
30442160517
30442160671
30442160824
30442160977
30442161128
30646310319
30646310569
30646310731
30646310885
30646311037
30646311188
30646311338
30732531975
30732532220
30732532376
30732532528
30732532677
30732532828
30732532976
34352964131
34352964470
34352964664
34352964819
34352964972
34352965125
34352965277
34401199726
34401199978
34401200135
34401200287
34401200438
34401200589
34401200739
38273079872
38273080295
38273080494
38273080688
38273080881
38273081073
38273081264
38337209314
38337209576
38337209736
38337209888
38337210039
38337210191
38337210341
38388315625
38388315890
38388316049
38388316207
38388316357
38388316515
38388316668
38417197103
38417197350
38417197510
38417197668
38417197820
38417197970
38417198119
38450467461
38450467690
38450467847
38450467998
38450468147
38450468298
38450468447
38534211656
38534211931
38534212089
38534212240
38534212391
38534212542
38534212696
48114931662
48114931898
48114932037
48114932174
48114932309
48114932444
48114932583
48171920350
48171920563
48171920702
48171920852
48171920985
48171921118
48171921249
